 Interrupt        Pwm     refPos    readPos   refSpeed  readSpeed      State   PwmLimit PSU_Rail(mV) Voltage(mV) Current(mA) Current2(mA)      Event    gCounts     gTrace         Kp         Kd         Ki  Timestamp
 431194271        166     461056     460928          0          0       HOLD      39000          0          0          0          0          0          0 0x00000000     1.3000    60.0000     0.0000 1608339170
 431194272        166     461056     460928          0          0       HOLD      39000          0          0          0          0          0          0 0x00000000     1.3000    60.0000     0.0000 1608340370
 431194273        166     461056     460928          0          0       HOLD      39000          0          0          0          0          0          0 0x00000000     1.3000    60.0000     0.0000 1608341570
 431194274        166     461056     460928          0          0       HOLD      39000          0          0          0          0          0          0 0x00000000     1.3000    60.0000     0.0000 1608342769
 431194275        166     461056     460928          0          0       HOLD      39000          0          0          0          0          0          0 0x00000000     1.3000    60.0000     0.0000 1608343970
 431194276        228     461057     460928          1          0      ACCEL      39000          0          0          0          0          0          0 0x00000000     1.3000    60.0000     0.0000 1608345169
 431194277        290     461059     460928          2          0      ACCEL      39000          0          0          0          0          0          0 0x00000000     1.3000    60.0000     0.0000 1608346370
 431194278        416     461063     460928          4          0      ACCEL      39000          0          0          0          0          0          0 0x00000000     1.3000    60.0000     0.0000 1608347569
 431194279        543     461069     460928          6          0      ACCEL      39000          0          0          0          0          0          0 0x00000000     1.3000    60.0000     0.0000 1608348770
 431194280        674     461077     460928          8          0      ACCEL      39000          0          0          0          0          0          0 0x00000000     1.3000    60.0000     0.0000 1608349970
 431194281        868     461088     460928         11          0      ACCEL      39000          0          0          0          0          0          0 0x00000000     1.3000    60.0000     0.0000 1608351171
 431194282       1128     461103     460928         15          0      ACCEL      39000          0          0          0          0          0          0 0x00000000     1.3000    60.0000     0.0000 1608352370
 431194283       1392     461122     460928         19          0      ACCEL      39000          0          0          0          0          0          0 0x00000000     1.3000    60.0000     0.0000 1608353576
 431194284       1662     461145     460928         23          0      ACCEL      39000          0          0          0          0          0          0 0x00000000     1.3000    60.0000     0.0000 1608354769
 431194285       1999     461173     460928         28          0      ACCEL      39000          0          0          0          0          0          0 0x00000000     1.3000    60.0000     0.0000 1608355971
 431194286       2341     461206     460928         33          0      ACCEL      39000          0          0          0          0          0          0 0x00000000     1.3000    60.0000     0.0000 1608357169
 431194287       2446     461240     460928         34          0      ACCEL      39000          0          0          0          0          0          0 0x00000000     1.3000    60.0000     0.0000 1608358371
 431194288       2796     461279     460928         39          0      ACCEL      39000          0          0          0          0          0          0 0x00000000     1.3000    60.0000     0.0000 1608359569
 431194289       1253     461324     460960         45         32      ACCEL      39000          0          0          0          0          0          0 0x00000000     1.3000    60.0000     0.0000 1608360771
 431194290       3661     461376     460960         52          0      ACCEL      39000          0          0          0          0          0          0 0x00000000     1.3000    60.0000     0.0000 1608361969
 431194291       4158     461435     460960         59          0      ACCEL      39000          0          0          0          0          0          0 0x00000000     1.3000    60.0000     0.0000 1608363170
 431194292       4663     461501     460960         66          0      ACCEL      39000          0          0          0          0          0          0 0x00000000     1.3000    60.0000     0.0000 1608364369
 431194293       3278     461575     460992         74         32      ACCEL      39000          0          0          0          0          0          0 0x00000000     1.3000    60.0000     0.0000 1608365570
 431194294       5785     461657     460992         82          0      ACCEL      39000          0          0          0          0          0          0 0x00000000     1.3000    60.0000     0.0000 1608366771
 431194295       4420     461747     461024         90         32      ACCEL      39000          0          0          0          0          0          0 0x00000000     1.3000    60.0000     0.0000 1608367971
 431194296       6947     461845     461024         98          0      ACCEL      39000          0          0          0          0          0          0 0x00000000     1.3000    60.0000     0.0000 1608369169
 431194297       6264     461951     461056        106         21      ACCEL      39000          0          0          0          0          0          0 0x00000000     1.3000    60.0000     0.0000 1608370371
 431194298       6490     462065     461088        114         27      ACCEL      39000          0          0          0          0          0          0 0x00000000     1.3000    60.0000     0.0000 1608371569
 431194299       6907     462187     461120        122         30      ACCEL      39000          0          0          0          0          0          0 0x00000000     1.3000    60.0000     0.0000 1608372770
 431194300       5433     462317     461184        130         64      ACCEL      39000          0          0          0          0          0          0 0x00000000     1.3000    60.0000     0.0000 1608373969
 431194301       7191     462455     461216        138         45      ACCEL      39000          0          0          0          0          0          0 0x00000000     1.3000    60.0000     0.0000 1608375170
 431194302       7579     462601     461248        146         49      ACCEL      39000          0          0          0          0          0          0 0x00000000     1.3000    60.0000     0.0000 1608376369
 431194303       8236     462755     461312        154         48      ACCEL      39000          0          0          0          0          0          0 0x00000000     1.3000    60.0000     0.0000 1608377571
 431194304       8183     462917     461376        162         59      ACCEL      39000          0          0          0          0          0          0 0x00000000     1.3000    60.0000     0.0000 1608378769
 431194305       8741     463087     461440        170         60      ACCEL      39000          0          0          0          0          0          0 0x00000000     1.3000    60.0000     0.0000 1608379971
 431194306       8829     463265     461504        178         69      ACCEL      39000          0          0          0          0          0          0 0x00000000     1.3000    60.0000     0.0000 1608381170
 431194307       9468     463451     461568        186         69      ACCEL      39000          0          0          0          0          0          0 0x00000000     1.3000    60.0000     0.0000 1608382371
 431194308       9535     463645     461664        194         78      ACCEL      39000          0          0          0          0          0          0 0x00000000     1.3000    60.0000     0.0000 1608383570
 431194309       9433     463847     461760        202         90      ACCEL      39000          0          0          0          0          0          0 0x00000000     1.3000    60.0000     0.0000 1608384770
 431194310      10001     464057     461856        210         91      ACCEL      39000          0          0          0          0          0          0 0x00000000     1.3000    60.0000     0.0000 1608385969
 431194311      10160     464275     461952        218         99      ACCEL      39000          0          0          0          0          0          0 0x00000000     1.3000    60.0000     0.0000 1608387171
 431194312      10509     464501     462048        226        104      ACCEL      39000          0          0          0          0          0          0 0x00000000     1.3000    60.0000     0.0000 1608388370
 431194313      10647     464735     462176        234        112      ACCEL      39000          0          0          0          0          0          0 0x00000000     1.3000    60.0000     0.0000 1608389571
 431194314      10717     464977     462272        242        122      ACCEL      39000          0          0          0          0          0          0 0x00000000     1.3000    60.0000     0.0000 1608390770
 431194315      11175     465227     462400        250        125      ACCEL      39000          0          0          0          0          0          0 0x00000000     1.3000    60.0000     0.0000 1608391971
 431194316      11404     465485     462528        258        132      ACCEL      39000          0          0          0          0          0          0 0x00000000     1.3000    60.0000     0.0000 1608393170
 431194317      11722     465751     462688        266        137      ACCEL      39000          0          0          0          0          0          0 0x00000000     1.3000    60.0000     0.0000 1608394371
 431194318      11750     466025     462848        274        147      ACCEL      39000          0          0          0          0          0          0 0x00000000     1.3000    60.0000     0.0000 1608395569
 431194319      11609     466307     463008        282        160      ACCEL      39000          0          0          0          0          0          0 0x00000000     1.3000    60.0000     0.0000 1608396770
 431194320      11958     466597     463168        290        165      ACCEL      39000          0          0          0          0          0          0 0x00000000     1.3000    60.0000     0.0000 1608397970
 431194321      12257     466895     463328        298        171      ACCEL      39000          0          0          0          0          0          0 0x00000000     1.3000    60.0000     0.0000 1608399171
 431194322      12225     467201     463520        306        182      ACCEL      39000          0          0          0          0          0          0 0x00000000     1.3000    60.0000     0.0000 1608400371
 431194323      12504     467515     463712        314        188      ACCEL      39000          0          0          0          0          0          0 0x00000000     1.3000    60.0000     0.0000 1608401571
 431194324      12553     467837     463904        322        198      ACCEL      39000          0          0          0          0          0          0 0x00000000     1.3000    60.0000     0.0000 1608402769
 431194325      12972     468167     464096        330        202      ACCEL      39000          0          0          0          0          0          0 0x00000000     1.3000    60.0000     0.0000 1608403971
 431194326      12761     468505     464320        338        216      ACCEL      39000          0          0          0          0          0          0 0x00000000     1.3000    60.0000     0.0000 1608405169
 431194327      13159     468851     464544        346        220      ACCEL      39000          0          0          0          0          0          0 0x00000000     1.3000    60.0000     0.0000 1608406369
 431194328      13388     469205     464768        354        227      ACCEL      39000          0          0          0          0          0          0 0x00000000     1.3000    60.0000     0.0000 1608407569
 431194329      13466     469567     465024        362        236      ACCEL      39000          0          0          0          0          0          0 0x00000000     1.3000    60.0000     0.0000 1608408770
 431194330      13656     469937     465248        370        244      ACCEL      39000          0          0          0          0          0          0 0x00000000     1.3000    60.0000     0.0000 1608409969
 431194331      14114     470315     465504        378        247      ACCEL      39000          0          0          0          0          0          0 0x00000000     1.3000    60.0000     0.0000 1608411182
 431194332      14223     470701     465760        386        256      ACCEL      39000          0          0          0          0          0          0 0x00000000     1.3000    60.0000     0.0000 1608412370
 431194333      14403     471095     466016        394        264      ACCEL      39000          0          0          0          0          0          0 0x00000000     1.3000    60.0000     0.0000 1608413570
 431194334      14431     471497     466304        402        274      ACCEL      39000          0          0          0          0          0          0 0x00000000     1.3000    60.0000     0.0000 1608414769
 431194335      14530     471907     466592        410        283      ACCEL      39000          0          0          0          0          0          0 0x00000000     1.3000    60.0000     0.0000 1608415971
 431194336      14639     472325     466880        418        292      ACCEL      39000          0          0          0          0          0          0 0x00000000     1.3000    60.0000     0.0000 1608417170
 431194337      14998     472751     467168        426        297      ACCEL      39000          0          0          0          0          0          0 0x00000000     1.3000    60.0000     0.0000 1608418370
 431194338      14906     473185     467488        434        309      ACCEL      39000          0          0          0          0          0          0 0x00000000     1.3000    60.0000     0.0000 1608419569
 431194339      15245     473627     467808        442        314      ACCEL      39000          0          0          0          0          0          0 0x00000000     1.3000    60.0000     0.0000 1608420769
 431194340      15234     474077     468128        450        325      ACCEL      39000          0          0          0          0          0          0 0x00000000     1.3000    60.0000     0.0000 1608421971
 431194341      15533     474535     468448        458        331      ACCEL      39000          0          0          0          0          0          0 0x00000000     1.3000    60.0000     0.0000 1608423172
 431194342      15261     475001     468800        466        346      ACCEL      39000          0          0          0          0          0          0 0x00000000     1.3000    60.0000     0.0000 1608424369
 431194343      15900     475475     469152        474        346      ACCEL      39000          0          0          0          0          0          0 0x00000000     1.3000    60.0000     0.0000 1608425571
 431194344      16189     475957     469504        482        352      ACCEL      39000          0          0          0          0          0          0 0x00000000     1.3000    60.0000     0.0000 1608426769
 431194345      16128     476447     469856        490        364      ACCEL      39000          0          0          0          0          0          0 0x00000000     1.3000    60.0000     0.0000 1608427981
 431194346      16337     476945     470240        498        371      ACCEL      39000          0          0          0          0          0          0 0x00000000     1.3000    60.0000     0.0000 1608429170
 431194347      16615     477451     470624        506        377      ACCEL      39000          0          0          0          0          0          0 0x00000000     1.3000    60.0000     0.0000 1608430371
 431194348      16484     477965     471008        514        390      ACCEL      39000          0          0          0          0          0          0 0x00000000     1.3000    60.0000     0.0000 1608431569
 431194349      16724     478487     471392        522        397      ACCEL      39000          0          0          0          0          0          0 0x00000000     1.3000    60.0000     0.0000 1608432771
 431194350      17052     479017     471808        530        402      ACCEL      39000          0          0          0          0          0          0 0x00000000     1.3000    60.0000     0.0000 1608433969
 431194351      17270     479555     472224        538        409      ACCEL      39000          0          0          0          0          0          0 0x00000000     1.3000    60.0000     0.0000 1608435170
 431194352      16659     480101     472640        546        430      ACCEL      39000          0          0          0          0          0          0 0x00000000     1.3000    60.0000     0.0000 1608436370
 431194353      17517     480655     473088        554        426      ACCEL      39000          0          0          0          0          0          0 0x00000000     1.3000    60.0000     0.0000 1608437570
 431194354      17527     481217     473504        562        437      ACCEL      39000          0          0          0          0          0          0 0x00000000     1.3000    60.0000     0.0000 1608438769
 431194355      17506     481787     473952        570        448      ACCEL      39000          0          0          0          0          0          0 0x00000000     1.3000    60.0000     0.0000 1608439970
 431194356      17573     482365     474432        578        457      ACCEL      39000          0          0          0          0          0          0 0x00000000     1.3000    60.0000     0.0000 1608441170
 431194357      17872     482951     474880        586        463      ACCEL      39000          0          0          0          0          0          0 0x00000000     1.3000    60.0000     0.0000 1608442371
 431194358      17961     483545     475360        594        472      ACCEL      39000          0          0          0          0          0          0 0x00000000     1.3000    60.0000     0.0000 1608443570
 431194359      18119     484147     475840        602        480      ACCEL      39000          0          0          0          0          0          0 0x00000000     1.3000    60.0000     0.0000 1608444770
 431194360      18288     484757     476320        610        488      ACCEL      39000          0          0          0          0          0          0 0x00000000     1.3000    60.0000     0.0000 1608445969
 431194361      18486     485375     476832        618        495      ACCEL      39000          0          0          0          0          0          0 0x00000000     1.3000    60.0000     0.0000 1608447171
 431194362      18556     486001     477312        626        505      ACCEL      39000          0          0          0          0          0          0 0x00000000     1.3000    60.0000     0.0000 1608448369
 431194363      18774     486635     477824        634        512      ACCEL      39000          0          0          0          0          0          0 0x00000000     1.3000    60.0000     0.0000 1608449571
 431194364      19022     487277     478368        642        518      ACCEL      39000          0          0          0          0          0          0 0x00000000     1.3000    60.0000     0.0000 1608450769
 431194365      19021     487927     478880        650        529      ACCEL      39000          0          0          0          0          0          0 0x00000000     1.3000    60.0000     0.0000 1608451971
 431194366      18749     488585     479424        658        544      ACCEL      39000          0          0          0          0          0          0 0x00000000     1.3000    60.0000     0.0000 1608453169
 431194367      19388     489251     479968        666        544      ACCEL      39000          0          0          0          0          0          0 0x00000000     1.3000    60.0000     0.0000 1608454371
 431194368      19215     489925     480544        674        557      ACCEL      39000          0          0          0          0          0          0 0x00000000     1.3000    60.0000     0.0000 1608455569
 431194369      18975     490607     481088        682        572      ACCEL      39000          0          0          0          0          0          0 0x00000000     1.3000    60.0000     0.0000 1608456771
 431194370      19963     491297     481664        690        566      ACCEL      39000          0          0          0          0          0          0 0x00000000     1.3000    60.0000     0.0000 1608457969
 431194371      19240     491995     482272        698        588      ACCEL      39000          0          0          0          0          0          0 0x00000000     1.3000    60.0000     0.0000 1608459170
 431194372      20069     492701     482848        706        585      ACCEL      39000          0          0          0          0          0          0 0x00000000     1.3000    60.0000     0.0000 1608460370
 431194373      19907     493415     483456        714        598      ACCEL      39000          0          0          0          0          0          0 0x00000000     1.3000    60.0000     0.0000 1608461571
 431194374      19935     494137     484064        722        608      ACCEL      39000          0          0          0          0          0          0 0x00000000     1.3000    60.0000     0.0000 1608462770
 431194375      19974     494867     484672        730        618      ACCEL      39000          0          0          0          0          0          0 0x00000000     1.3000    60.0000     0.0000 1608463969
 431194376      19921     495605     485312        738        629      ACCEL      39000          0          0          0          0          0          0 0x00000000     1.3000    60.0000     0.0000 1608465170
 431194377      20640     496351     485920        746        628      ACCEL      39000          0          0          0          0          0          0 0x00000000     1.3000    60.0000     0.0000 1608466371
 431194378      20549     497105     486560        754        640      ACCEL      39000          0          0          0          0          0          0 0x00000000     1.3000    60.0000     0.0000 1608467569
 431194379      20546     497867     487232        762        650      ACCEL      39000          0          0          0          0          0          0 0x00000000     1.3000    60.0000     0.0000 1608468770
 431194380      20475     498637     487872        770        662      ACCEL      39000          0          0          0          0          0          0 0x00000000     1.3000    60.0000     0.0000 1608469969
 431194381      21212     499415     488544        778        660      ACCEL      39000          0          0          0          0          0          0 0x00000000     1.3000    60.0000     0.0000 1608471171
 431194382      21121     500201     489216        786        672      ACCEL      39000          0          0          0          0          0          0 0x00000000     1.3000    60.0000     0.0000 1608472369
 431194383      21099     500995     489888        794        683      ACCEL      39000          0          0          0          0          0          0 0x00000000     1.3000    60.0000     0.0000 1608473571
 431194384      21827     501797     490592        802        681      ACCEL      39000          0          0          0          0          0          0 0x00000000     1.3000    60.0000     0.0000 1608474769
 431194385      21064     502607     491296        810        704      ACCEL      39000          0          0          0          0          0          0 0x00000000     1.3000    60.0000     0.0000 1608475971
 431194386      21693     503425     492000        818        704      ACCEL      39000          0          0          0          0          0          0 0x00000000     1.3000    60.0000     0.0000 1608477171
 431194387      21671     504251     492704        826        715      ACCEL      39000          0          0          0          0          0          0 0x00000000     1.3000    60.0000     0.0000 1608478371
 431194388      21799     505085     493440        834        723      ACCEL      39000          0          0          0          0          0          0 0x00000000     1.3000    60.0000     0.0000 1608479569
 431194389      22158     505927     494144        842        728      ACCEL      39000          0          0          0          0          0          0 0x00000000     1.3000    60.0000     0.0000 1608480771
 431194390      21845     506777     494912        850        743      ACCEL      39000          0          0          0          0          0          0 0x00000000     1.3000    60.0000     0.0000 1608481969
 431194391      22122     507634     495648        857        748      ACCEL      39000          0          0          0          0          0          0 0x00000000     1.3000    60.0000     0.0000 1608483170
 431194392      22308     508499     496416        865        755      ACCEL      39000          0          0          0          0          0          0 0x00000000     1.3000    60.0000     0.0000 1608484369
 431194393      22144     509372     497184        873        768      ACCEL      39000          0          0          0          0          0          0 0x00000000     1.3000    60.0000     0.0000 1608485570
 431194394      22710     510252     497952        880        768      ACCEL      39000          0          0          0          0          0          0 0x00000000     1.3000    60.0000     0.0000 1608486769
 431194395      22566     511140     498720        888        781      ACCEL      39000          0          0          0          0          0          0 0x00000000     1.3000    60.0000     0.0000 1608487971
 431194396      22810     512035     499520        895        786      ACCEL      39000          0          0          0          0          0          0 0x00000000     1.3000    60.0000     0.0000 1608489169
 431194397      22583     512938     500320        903        800      ACCEL      39000          0          0          0          0          0          0 0x00000000     1.3000    60.0000     0.0000 1608490371
 431194398      23146     513848     501120        910        800      ACCEL      39000          0          0          0          0          0          0 0x00000000     1.3000    60.0000     0.0000 1608491569
 431194399      22939     514765     501920        917        813      ACCEL      39000          0          0          0          0          0          0 0x00000000     1.3000    60.0000     0.0000 1608492771
 431194400      22399     515690     502752        925        832      ACCEL      39000          0          0          0          0          0          0 0x00000000     1.3000    60.0000     0.0000 1608493969
 431194401      23789     516622     503584        932        818      ACCEL      39000          0          0          0          0          0          0 0x00000000     1.3000    60.0000     0.0000 1608495171
 431194402      22669     517561     504416        939        846      ACCEL      39000          0          0          0          0          0          0 0x00000000     1.3000    60.0000     0.0000 1608496370
 431194403      23015     518507     505280        946        849      ACCEL      39000          0          0          0          0          0          0 0x00000000     1.3000    60.0000     0.0000 1608497571
 431194404      23772     519460     506112        953        846      ACCEL      39000          0          0          0          0          0          0 0x00000000     1.3000    60.0000     0.0000 1608498771
 431194405      23237     520420     506976        960        864      ACCEL      39000          0          0          0          0          0          0 0x00000000     1.3000    60.0000     0.0000 1608499971
 431194406      23791     521387     507840        967        864      ACCEL      39000          0          0          0          0          0          0 0x00000000     1.3000    60.0000     0.0000 1608501169
 431194407      23293     522361     508736        974        881      ACCEL      39000          0          0          0          0          0          0 0x00000000     1.3000    60.0000     0.0000 1608502370
 431194408      24045     523342     509600        981        878      ACCEL      39000          0          0          0          0          0          0 0x00000000     1.3000    60.0000     0.0000 1608503569
 431194409      23443     524329     510496        987        896      ACCEL      39000          0          0          0          0          0          0 0x00000000     1.3000    60.0000     0.0000 1608504770
 431194410      23990     525323     511392        994        896      ACCEL      39000          0          0          0          0          0          0 0x00000000     1.3000    60.0000     0.0000 1608505969
 431194411      23545     526324     512320       1001        912      ACCEL      39000          0          0          0          0          0          0 0x00000000     1.3000    60.0000     0.0000 1608507171
 431194412      24110     527331     513216       1007        911      ACCEL      39000          0          0          0          0          0          0 0x00000000     1.3000    60.0000     0.0000 1608508369
 431194413      24581     528345     514144       1014        912      ACCEL      39000          0          0          0          0          0          0 0x00000000     1.3000    60.0000     0.0000 1608509571
 431194414      24101     529365     515072       1020        928      ACCEL      39000          0          0          0          0          0          0 0x00000000     1.3000    60.0000     0.0000 1608510769
 431194415      23750     530392     516000       1027        943      ACCEL      39000          0          0          0          0          0          0 0x00000000     1.3000    60.0000     0.0000 1608511970
 431194416      24145     531425     516960       1033        944      ACCEL      39000          0          0          0          0          0          0 0x00000000     1.3000    60.0000     0.0000 1608513169
 431194417      24770     532465     517888       1040        943      ACCEL      39000          0          0          0          0          0          0 0x00000000     1.3000    60.0000     0.0000 1608514371
 431194418      24222     533511     518848       1046        960      ACCEL      39000          0          0          0          0          0          0 0x00000000     1.3000    60.0000     0.0000 1608515572
 431194419      24702     534563     519808       1052        960      ACCEL      39000          0          0          0          0          0          0 0x00000000     1.3000    60.0000     0.0000 1608516778
 431194420      24247     535621     520800       1058        975      ACCEL      39000          0          0          0          0          0          0 0x00000000     1.3000    60.0000     0.0000 1608517970
 431194421      23742     536686     521792       1065        992      ACCEL      39000          0          0          0          0          0          0 0x00000000     1.3000    60.0000     0.0000 1608519192
 431194422      25207     537757     522752       1071        976      ACCEL      39000          0          0          0          0          0          0 0x00000000     1.3000    60.0000     0.0000 1608520371
 431194423      24717     538834     523744       1077        992      ACCEL      39000          0          0          0          0          0          0 0x00000000     1.3000    60.0000     0.0000 1608521571
 431194424      24254     539917     524768       1083       1007      ACCEL      39000          0          0          0          0          0          0 0x00000000     1.3000    60.0000     0.0000 1608522768
 431194425      24680     541006     525760       1089       1008      ACCEL      39000          0          0          0          0          0          0 0x00000000     1.3000    60.0000     0.0000 1608523970
 431194426      24172     542101     526784       1095       1024      ACCEL      39000          0          0          0          0          0          0 0x00000000     1.3000    60.0000     0.0000 1608525169
 431194427      25591     543201     527808       1100       1007      ACCEL      39000          0          0          0          0          0          0 0x00000000     1.3000    60.0000     0.0000 1608526371
 431194428      24018     544307     528832       1106       1041      ACCEL      39000          0          0          0          0          0          0 0x00000000     1.3000    60.0000     0.0000 1608527569
 431194429      25512     545419     529856       1112       1024      ACCEL      39000          0          0          0          0          0          0 0x00000000     1.3000    60.0000     0.0000 1608528771
 431194430      25113     546537     530912       1118       1038      ACCEL      39000          0          0          0          0          0          0 0x00000000     1.3000    60.0000     0.0000 1608529969
 431194431      25361     547660     531936       1123       1041      ACCEL      39000          0          0          0          0          0          0 0x00000000     1.3000    60.0000     0.0000 1608531169
 431194432      24916     548789     532992       1129       1056      ACCEL      39000          0          0          0          0          0          0 0x00000000     1.3000    60.0000     0.0000 1608532370
 431194433      24436     549923     534080       1134       1070      ACCEL      39000          0          0          0          0          0          0 0x00000000     1.3000    60.0000     0.0000 1608533570
 431194434      25745     551063     535136       1140       1056      ACCEL      39000          0          0          0          0          0          0 0x00000000     1.3000    60.0000     0.0000 1608534769
 431194435      25141     552208     536192       1145       1073      ACCEL      39000          0          0          0          0          0          0 0x00000000     1.3000    60.0000     0.0000 1608535969
 431194436      24621     553358     537280       1150       1088      ACCEL      39000          0          0          0          0          0          0 0x00000000     1.3000    60.0000     0.0000 1608537170
 431194437      25070     554514     538368       1156       1088      ACCEL      39000          0          0          0          0          0          0 0x00000000     1.3000    60.0000     0.0000 1608538371
 431194438      25465     555675     539456       1161       1088      ACCEL      39000          0          0          0          0          0          0 0x00000000     1.3000    60.0000     0.0000 1608539569
 431194439      25045     556841     540576       1166       1101      ACCEL      39000          0          0          0          0          0          0 0x00000000     1.3000    60.0000     0.0000 1608540774
 431194440      25152     558012     541664       1171       1106      ACCEL      39000          0          0          0          0          0          0 0x00000000     1.3000    60.0000     0.0000 1608541969
 431194441      25825     559188     542784       1176       1101      ACCEL      39000          0          0          0          0          0          0 0x00000000     1.3000    60.0000     0.0000 1608543171
 431194442      25065     560369     543904       1181       1120      ACCEL      39000          0          0          0          0          0          0 0x00000000     1.3000    60.0000     0.0000 1608544370
 431194443      25450     561555     545024       1186       1120      ACCEL      39000          0          0          0          0          0          0 0x00000000     1.3000    60.0000     0.0000 1608545571
 431194444      25843     562746     546144       1191       1120      ACCEL      39000          0          0          0          0          0          0 0x00000000     1.3000    60.0000     0.0000 1608546769
 431194445      25161     563942     547264       1196       1138      ACCEL      39000          0          0          0          0          0          0 0x00000000     1.3000    60.0000     0.0000 1608547971
 431194446      25825     565143     548416       1201       1133      ACCEL      39000          0          0          0          0          0          0 0x00000000     1.3000    60.0000     0.0000 1608549169
 431194447      25055     566349     549568       1206       1152      ACCEL      39000          0          0          0          0          0          0 0x00000000     1.3000    60.0000     0.0000 1608550370
 431194448      26314     567560     550688       1211       1138      ACCEL      39000          0          0          0          0          0          0 0x00000000     1.3000    60.0000     0.0000 1608551569
 431194449      25796     568775     551840       1215       1152      ACCEL      39000          0          0          0          0          0          0 0x00000000     1.3000    60.0000     0.0000 1608552770
 431194450      25422     569995     553024       1220       1164      ACCEL      39000          0          0          0          0          0          0 0x00000000     1.3000    60.0000     0.0000 1608553970
 431194451      26476     571219     554176       1224       1152      ACCEL      39000          0          0          0          0          0          0 0x00000000     1.3000    60.0000     0.0000 1608555170
 431194452      24914     572448     555360       1229       1184      ACCEL      39000          0          0          0          0          0          0 0x00000000     1.3000    60.0000     0.0000 1608556369
 431194453      26040     573681     556512       1233       1171      ACCEL      39000          0          0          0          0          0          0 0x00000000     1.3000    60.0000     0.0000 1608557571
 431194454      26830     574919     557696       1238       1164      ACCEL      39000          0          0          0          0          0          0 0x00000000     1.3000    60.0000     0.0000 1608558770
 431194455      25945     576161     558880       1242       1184      ACCEL      39000          0          0          0          0          0          0 0x00000000     1.3000    60.0000     0.0000 1608559970
 431194456      25127     577408     560064       1247       1204      ACCEL      39000          0          0          0          0          0          0 0x00000000     1.3000    60.0000     0.0000 1608561169
 431194457      26654     578659     561248       1251       1184      ACCEL      39000          0          0          0          0          0          0 0x00000000     1.3000    60.0000     0.0000 1608562370
 431194458      26225     579914     562464       1255       1196      ACCEL      39000          0          0          0          0          0          0 0x00000000     1.3000    60.0000     0.0000 1608563569
 431194459      25321     581173     563680       1259       1216      ACCEL      39000          0          0          0          0          0          0 0x00000000     1.3000    60.0000     0.0000 1608564771
 431194460      26384     582436     564864       1263       1204      ACCEL      39000          0          0          0          0          0          0 0x00000000     1.3000    60.0000     0.0000 1608565969
 431194461      25970     583703     566080       1267       1216      ACCEL      39000          0          0          0          0          0          0 0x00000000     1.3000    60.0000     0.0000 1608567171
 431194462      25580     584974     567328       1271       1227      ACCEL      39000          0          0          0          0          0          0 0x00000000     1.3000    60.0000     0.0000 1608568369
 431194463      26557     586249     568544       1275       1216      ACCEL      39000          0          0          0          0          0          0 0x00000000     1.3000    60.0000     0.0000 1608569570
 431194464      25678     587528     569760       1279       1236      ACCEL      39000          0          0          0          0          0          0 0x00000000     1.3000    60.0000     0.0000 1608570769
 431194465      26504     588811     571008       1283       1227      ACCEL      39000          0          0          0          0          0          0 0x00000000     1.3000    60.0000     0.0000 1608571971
 431194466      25535     590098     572256       1287       1248      ACCEL      39000          0          0          0          0          0          0 0x00000000     1.3000    60.0000     0.0000 1608573169
 431194467      26531     591388     573472       1290       1236      ACCEL      39000          0          0          0          0          0          0 0x00000000     1.3000    60.0000     0.0000 1608574370
 431194468      26111     592682     574720       1294       1248      ACCEL      39000          0          0          0          0          0          0 0x00000000     1.3000    60.0000     0.0000 1608575570
 431194469      26416     593980     575968       1298       1248      ACCEL      39000          0          0          0          0          0          0 0x00000000     1.3000    60.0000     0.0000 1608576770
 431194470      25963     595281     577248       1301       1259      ACCEL      39000          0          0          0          0          0          0 0x00000000     1.3000    60.0000     0.0000 1608577970
 431194471      25677     596586     578496       1305       1269      ACCEL      39000          0          0          0          0          0          0 0x00000000     1.3000    60.0000     0.0000 1608579171
 431194472      26493     597894     579776       1308       1259      ACCEL      39000          0          0          0          0          0          0 0x00000000     1.3000    60.0000     0.0000 1608580369
 431194473      27477     599206     581024       1312       1248      ACCEL      39000          0          0          0          0          0          0 0x00000000     1.3000    60.0000     0.0000 1608581569
 431194474      25782     600521     582304       1315       1280      ACCEL      39000          0          0          0          0          0          0 0x00000000     1.3000    60.0000     0.0000 1608582769
 431194475      26012     601839     583584       1318       1280      ACCEL      39000          0          0          0          0          0          0 0x00000000     1.3000    60.0000     0.0000 1608583971
 431194476      26306     603161     584864       1322       1280      ACCEL      39000          0          0          0          0          0          0 0x00000000     1.3000    60.0000     0.0000 1608585169
 431194477      26545     604486     586144       1325       1280      ACCEL      39000          0          0          0          0          0          0 0x00000000     1.3000    60.0000     0.0000 1608586370
 431194478      25527     605814     587424       1328       1301      ACCEL      39000          0          0          0          0          0          0 0x00000000     1.3000    60.0000     0.0000 1608587569
 431194479      26392     607145     588736       1331       1290      ACCEL      39000          0          0          0          0          0          0 0x00000000     1.3000    60.0000     0.0000 1608588770
 431194480      25982     608479     590016       1334       1301      ACCEL      39000          0          0          0          0          0          0 0x00000000     1.3000    60.0000     0.0000 1608589969
 431194481      26854     609816     591328       1337       1290      ACCEL      39000          0          0          0          0          0          0 0x00000000     1.3000    60.0000     0.0000 1608591171
 431194482      25751     611156     592640       1340       1312      ACCEL      39000          0          0          0          0          0          0 0x00000000     1.3000    60.0000     0.0000 1608592371
 431194483      25971     612499     593952       1343       1312      ACCEL      39000          0          0          0          0          0          0 0x00000000     1.3000    60.0000     0.0000 1608593571
 431194484      26195     613845     595264       1346       1312      ACCEL      39000          0          0          0          0          0          0 0x00000000     1.3000    60.0000     0.0000 1608594771
 431194485      26423     615194     596576       1349       1312      ACCEL      39000          0          0          0          0          0          0 0x00000000     1.3000    60.0000     0.0000 1608595971
 431194486      26594     616545     597888       1351       1312      ACCEL      39000          0          0          0          0          0          0 0x00000000     1.3000    60.0000     0.0000 1608597170
 431194487      26829     617899     599200       1354       1312      ACCEL      39000          0          0          0          0          0          0 0x00000000     1.3000    60.0000     0.0000 1608598371
 431194488      25106     619256     600544       1357       1344      ACCEL      39000          0          0          0          0          0          0 0x00000000     1.3000    60.0000     0.0000 1608599569
 431194489      27207     620615     601856       1359       1312      ACCEL      39000          0          0          0          0          0          0 0x00000000     1.3000    60.0000     0.0000 1608600771
 431194490      25490     621977     603200       1362       1344      ACCEL      39000          0          0          0          0          0          0 0x00000000     1.3000    60.0000     0.0000 1608601969
 431194491      26278     623341     604512       1364       1334      ACCEL      39000          0          0          0          0          0          0 0x00000000     1.3000    60.0000     0.0000 1608603171
 431194492      25306     624708     605888       1367       1353      ACCEL      39000          0          0          0          0          0          0 0x00000000     1.3000    60.0000     0.0000 1608604369
 431194493      26640     626077     607200       1369       1334      ACCEL      39000          0          0          0          0          0          0 0x00000000     1.3000    60.0000     0.0000 1608605570
 431194494      25614     627448     608576       1371       1353      ACCEL      39000          0          0          0          0          0          0 0x00000000     1.3000    60.0000     0.0000 1608606770
 431194495      26373     628822     609920       1374       1344      ACCEL      39000          0          0          0          0          0          0 0x00000000     1.3000    60.0000     0.0000 1608607970
 431194496      26534     630198     611264       1376       1344      ACCEL      39000          0          0          0          0          0          0 0x00000000     1.3000    60.0000     0.0000 1608609170
 431194497      26698     631576     612608       1378       1344      ACCEL      39000          0          0          0          0          0          0 0x00000000     1.3000    60.0000     0.0000 1608610371
 431194498      24904     632956     613984       1380       1376      ACCEL      39000          0          0          0          0          0          0 0x00000000     1.3000    60.0000     0.0000 1608611569
 431194499      25612     634337     615328       1381       1366      ACCEL      39000          0          0          0          0          0          0 0x00000000     1.3000    60.0000     0.0000 1608612770
 431194500      26460     635719     616704       1382       1353      ACCEL      39000          0          0          0          0          0          0 0x00000000     1.3000    60.0000     0.0000 1608613969
 431194501      25087     637101     618080       1382       1376      ACCEL      39000          0          0          0          0          0          0 0x00000000     1.3000    60.0000     0.0000 1608615171
 431194502      25095     638483     619456       1382       1376       SLEW      39000          0          0          0          0          0          0 0x00000000     1.3000    60.0000     0.0000 1608616369
 431194503      27065     639865     620800       1382       1344       SLEW      39000          0          0          0          0          0          0 0x00000000     1.3000    60.0000     0.0000 1608617571
 431194504      23772     641247     622176       1382       1399       SLEW      39000          0          0          0          0          0          0 0x00000000     1.3000    60.0000     0.0000 1608618770
 431194505      25160     642629     623552       1382       1376       SLEW      39000          0          0          0          0          0          0 0x00000000     1.3000    60.0000     0.0000 1608619971
 431194506      24646     644011     624960       1382       1384       SLEW      39000          0          0          0          0          0          0 0x00000000     1.3000    60.0000     0.0000 1608621169
 431194507      25776     645393     626304       1382       1366       SLEW      39000          0          0          0          0          0          0 0x00000000     1.3000    60.0000     0.0000 1608622370
 431194508      24662     646775     627712       1382       1384       SLEW      39000          0          0          0          0          0          0 0x00000000     1.3000    60.0000     0.0000 1608623569
 431194509      25150     648157     629088       1382       1376       SLEW      39000          0          0          0          0          0          0 0x00000000     1.3000    60.0000     0.0000 1608624771
 431194510      23778     649539     630464       1382       1399       SLEW      39000          0          0          0          0          0          0 0x00000000     1.3000    60.0000     0.0000 1608625969
 431194511      24644     650921     631872       1382       1384       SLEW      39000          0          0          0          0          0          0 0x00000000     1.3000    60.0000     0.0000 1608627170
 431194512      25132     652303     633248       1382       1376       SLEW      39000          0          0          0          0          0          0 0x00000000     1.3000    60.0000     0.0000 1608628369
 431194513      23759     653685     634624       1382       1399       SLEW      39000          0          0          0          0          0          0 0x00000000     1.3000    60.0000     0.0000 1608629570
 431194514      24626     655067     636032       1382       1384       SLEW      39000          0          0          0          0          0          0 0x00000000     1.3000    60.0000     0.0000 1608630769
 431194515      23733     656449     637408       1382       1399       SLEW      39000          0          0          0          0          0          0 0x00000000     1.3000    60.0000     0.0000 1608631971
 431194516      24600     657831     638816       1382       1384       SLEW      39000          0          0          0          0          0          0 0x00000000     1.3000    60.0000     0.0000 1608633170
 431194517      23126     659213     640224       1382       1408       SLEW      39000          0          0          0          0          0          0 0x00000000     1.3000    60.0000     0.0000 1608634372
 431194518      23674     660595     641600       1382       1399       SLEW      39000          0          0          0          0          0          0 0x00000000     1.3000    60.0000     0.0000 1608635570
 431194519      24540     661977     643008       1382       1384       SLEW      39000          0          0          0          0          0          0 0x00000000     1.3000    60.0000     0.0000 1608636771
 431194520      23066     663359     644416       1382       1408       SLEW      39000          0          0          0          0          0          0 0x00000000     1.3000    60.0000     0.0000 1608637969
 431194521      24994     664741     645792       1382       1376       SLEW      39000          0          0          0          0          0          0 0x00000000     1.3000    60.0000     0.0000 1608639171
 431194522      23040     666123     647200       1382       1408       SLEW      39000          0          0          0          0          0          0 0x00000000     1.3000    60.0000     0.0000 1608640371
 431194523      23006     667505     648608       1382       1408       SLEW      39000          0          0          0          0          0          0 0x00000000     1.3000    60.0000     0.0000 1608641571
 431194524      24934     668887     649984       1382       1376       SLEW      39000          0          0          0          0          0          0 0x00000000     1.3000    60.0000     0.0000 1608642770
 431194525      22980     670269     651392       1382       1408       SLEW      39000          0          0          0          0          0          0 0x00000000     1.3000    60.0000     0.0000 1608643970
 431194526      22946     671651     652800       1382       1408       SLEW      39000          0          0          0          0          0          0 0x00000000     1.3000    60.0000     0.0000 1608645169
 431194527      23494     673033     654176       1382       1399       SLEW      39000          0          0          0          0          0          0 0x00000000     1.3000    60.0000     0.0000 1608646370
 431194528      24360     674415     655584       1382       1384       SLEW      39000          0          0          0          0          0          0 0x00000000     1.3000    60.0000     0.0000 1608647569
 431194529      22887     675797     656992       1382       1408       SLEW      39000          0          0          0          0          0          0 0x00000000     1.3000    60.0000     0.0000 1608648771
 431194530      23434     677179     658368       1382       1399       SLEW      39000          0          0          0          0          0          0 0x00000000     1.3000    60.0000     0.0000 1608649969
 431194531      24301     678561     659776       1382       1384       SLEW      39000          0          0          0          0          0          0 0x00000000     1.3000    60.0000     0.0000 1608651171
 431194532      22827     679943     661184       1382       1408       SLEW      39000          0          0          0          0          0          0 0x00000000     1.3000    60.0000     0.0000 1608652369
 431194533      22793     681325     662592       1382       1408       SLEW      39000          0          0          0          0          0          0 0x00000000     1.3000    60.0000     0.0000 1608653571
 431194534      24721     682707     663968       1382       1376       SLEW      39000          0          0          0          0          0          0 0x00000000     1.3000    60.0000     0.0000 1608654769
 431194535      22767     684089     665376       1382       1408       SLEW      39000          0          0          0          0          0          0 0x00000000     1.3000    60.0000     0.0000 1608655970
 431194536      23315     685471     666752       1382       1399       SLEW      39000          0          0          0          0          0          0 0x00000000     1.3000    60.0000     0.0000 1608657169
 431194537      24181     686853     668160       1382       1384       SLEW      39000          0          0          0          0          0          0 0x00000000     1.3000    60.0000     0.0000 1608658370
 431194538      22707     688235     669568       1382       1408       SLEW      39000          0          0          0          0          0          0 0x00000000     1.3000    60.0000     0.0000 1608659569
 431194539      23255     689617     670944       1382       1399       SLEW      39000          0          0          0          0          0          0 0x00000000     1.3000    60.0000     0.0000 1608660770
 431194540      24121     690999     672352       1382       1384       SLEW      39000          0          0          0          0          0          0 0x00000000     1.3000    60.0000     0.0000 1608661969
 431194541      22647     692381     673760       1382       1408       SLEW      39000          0          0          0          0          0          0 0x00000000     1.3000    60.0000     0.0000 1608663170
 431194542      23195     693763     675136       1382       1399       SLEW      39000          0          0          0          0          0          0 0x00000000     1.3000    60.0000     0.0000 1608664370
 431194543      24061     695145     676544       1382       1384       SLEW      39000          0          0          0          0          0          0 0x00000000     1.3000    60.0000     0.0000 1608665570
 431194544      22588     696527     677952       1382       1408       SLEW      39000          0          0          0          0          0          0 0x00000000     1.3000    60.0000     0.0000 1608666769
 431194545      24515     697909     679328       1382       1376       SLEW      39000          0          0          0          0          0          0 0x00000000     1.3000    60.0000     0.0000 1608667970
 431194546      22562     699291     680736       1382       1408       SLEW      39000          0          0          0          0          0          0 0x00000000     1.3000    60.0000     0.0000 1608669169
 431194547      23109     700673     682112       1382       1399       SLEW      39000          0          0          0          0          0          0 0x00000000     1.3000    60.0000     0.0000 1608670371
 431194548      23976     702055     683520       1382       1384       SLEW      39000          0          0          0          0          0          0 0x00000000     1.3000    60.0000     0.0000 1608671569
 431194549      22502     703437     684928       1382       1408       SLEW      39000          0          0          0          0          0          0 0x00000000     1.3000    60.0000     0.0000 1608672771
 431194550      23050     704819     686304       1382       1399       SLEW      39000          0          0          0          0          0          0 0x00000000     1.3000    60.0000     0.0000 1608673969
 431194551      23916     706201     687712       1382       1384       SLEW      39000          0          0          0          0          0          0 0x00000000     1.3000    60.0000     0.0000 1608675171
 431194552      23024     707583     689088       1382       1399       SLEW      39000          0          0          0          0          0          0 0x00000000     1.3000    60.0000     0.0000 1608676369
 431194553      23890     708965     690496       1382       1384       SLEW      39000          0          0          0          0          0          0 0x00000000     1.3000    60.0000     0.0000 1608677570
 431194554      22416     710347     691904       1382       1408       SLEW      39000          0          0          0          0          0          0 0x00000000     1.3000    60.0000     0.0000 1608678769
 431194555      24344     711729     693280       1382       1376       SLEW      39000          0          0          0          0          0          0 0x00000000     1.3000    60.0000     0.0000 1608679971
 431194556      22972     713111     694656       1382       1399       SLEW      39000          0          0          0          0          0          0 0x00000000     1.3000    60.0000     0.0000 1608681170
 431194557      23838     714493     696064       1382       1384       SLEW      39000          0          0          0          0          0          0 0x00000000     1.3000    60.0000     0.0000 1608682371
 431194558      22364     715875     697472       1382       1408       SLEW      39000          0          0          0          0          0          0 0x00000000     1.3000    60.0000     0.0000 1608683569
 431194559      24292     717257     698848       1382       1376       SLEW      39000          0          0          0          0          0          0 0x00000000     1.3000    60.0000     0.0000 1608684770
 431194560      22338     718639     700256       1382       1408       SLEW      39000          0          0          0          0          0          0 0x00000000     1.3000    60.0000     0.0000 1608685971
 431194561      22886     720021     701632       1382       1399       SLEW      39000          0          0          0          0          0          0 0x00000000     1.3000    60.0000     0.0000 1608687171
 431194562      23752     721403     703040       1382       1384       SLEW      39000          0          0          0          0          0          0 0x00000000     1.3000    60.0000     0.0000 1608688369
 431194563      24240     722785     704416       1382       1376       SLEW      39000          0          0          0          0          0          0 0x00000000     1.3000    60.0000     0.0000 1608689570
 431194564      22286     724167     705824       1382       1408       SLEW      39000          0          0          0          0          0          0 0x00000000     1.3000    60.0000     0.0000 1608690769
 431194565      24214     725549     707200       1382       1376       SLEW      39000          0          0          0          0          0          0 0x00000000     1.3000    60.0000     0.0000 1608691971
 431194566      22260     726931     708608       1382       1408       SLEW      39000          0          0          0          0          0          0 0x00000000     1.3000    60.0000     0.0000 1608693169
 431194567      22808     728313     709984       1382       1399       SLEW      39000          0          0          0          0          0          0 0x00000000     1.3000    60.0000     0.0000 1608694371
 431194568      23674     729695     711392       1382       1384       SLEW      39000          0          0          0          0          0          0 0x00000000     1.3000    60.0000     0.0000 1608695569
 431194569      22782     731077     712768       1382       1399       SLEW      39000          0          0          0          0          0          0 0x00000000     1.3000    60.0000     0.0000 1608696772
 431194570      23648     732459     714176       1382       1384       SLEW      39000          0          0          0          0          0          0 0x00000000     1.3000    60.0000     0.0000 1608697969
 431194571      24136     733841     715552       1382       1376       SLEW      39000          0          0          0          0          0          0 0x00000000     1.3000    60.0000     0.0000 1608699171
 431194572      22764     735223     716928       1382       1399       SLEW      39000          0          0          0          0          0          0 0x00000000     1.3000    60.0000     0.0000 1608700370
 431194573      23630     736605     718336       1382       1384       SLEW      39000          0          0          0          0          0          0 0x00000000     1.3000    60.0000     0.0000 1608701570
 431194574      22738     737987     719712       1382       1399       SLEW      39000          0          0          0          0          0          0 0x00000000     1.3000    60.0000     0.0000 1608702769
 431194575      23604     739369     721120       1382       1384       SLEW      39000          0          0          0          0          0          0 0x00000000     1.3000    60.0000     0.0000 1608703971
 431194576      22712     740751     722496       1382       1399       SLEW      39000          0          0          0          0          0          0 0x00000000     1.3000    60.0000     0.0000 1608705170
 431194577      23578     742133     723904       1382       1384       SLEW      39000          0          0          0          0          0          0 0x00000000     1.3000    60.0000     0.0000 1608706371
 431194578      24066     743515     725280       1382       1376       SLEW      39000          0          0          0          0          0          0 0x00000000     1.3000    60.0000     0.0000 1608707571
 431194579      22693     744897     726656       1382       1399       SLEW      39000          0          0          0          0          0          0 0x00000000     1.3000    60.0000     0.0000 1608708771
 431194580      23560     746279     728064       1382       1384       SLEW      39000          0          0          0          0          0          0 0x00000000     1.3000    60.0000     0.0000 1608709969
 431194581      24047     747661     729440       1382       1376       SLEW      39000          0          0          0          0          0          0 0x00000000     1.3000    60.0000     0.0000 1608711170
 431194582      22094     749043     730848       1382       1408       SLEW      39000          0          0          0          0          0          0 0x00000000     1.3000    60.0000     0.0000 1608712369
 431194583      24021     750425     732224       1382       1376       SLEW      39000          0          0    